Using pre-set license

 COMMAND LINE ARGUMENTS:
/Applications/Unity/Hub/Editor/2020.3.7f1/Unity.app/Contents/MacOS/Unity
-adb2
-batchMode
-noUpm
-name
AssetImportWorker0
-projectPath
/Users/aymerickberthelot/Documents/GitHub/Programming-Theory-Repo/Programming Theory Project
-logFile
Logs/AssetImportWorker0.log
-srvPort
51638
Successfully changed project path to: /Users/aymerickberthelot/Documents/GitHub/Programming-Theory-Repo/Programming Theory Project
/Users/aymerickberthelot/Documents/GitHub/Programming-Theory-Repo/Programming Theory Project
Using Asset Import Pipeline V2.
Refreshing native plugins compatible for Editor in 21.34 ms, found 1 plugins.
Preloading 0 native plugins for Editor in 0.00 ms.
Initialize engine version: 2020.3.7f1 (dd97f2c94397)
[Subsystems] Discovering subsystems at path /Applications/Unity/Hub/Editor/2020.3.7f1/Unity.app/Contents/Resources/UnitySubsystems
[Subsystems] Discovering subsystems at path /Users/aymerickberthelot/Documents/GitHub/Programming-Theory-Repo/Programming Theory Project/Assets
GfxDevice: creating device client; threaded=0
2021-07-26 11:56:40.860 Unity[3771:129112] (null) preferred device: Apple M1 (high power)
2021-07-26 11:56:40.860 Unity[3771:129112] Metal devices available: 1
2021-07-26 11:56:40.860 Unity[3771:129112] 0: Apple M1 (high power)
2021-07-26 11:56:40.861 Unity[3771:129112] Using device Apple M1 (high power)
Initializing Metal device caps: Apple M1
Initialize mono
Mono path[0] = '/Applications/Unity/Hub/Editor/2020.3.7f1/Unity.app/Contents/Managed'
Mono path[1] = '/Applications/Unity/Hub/Editor/2020.3.7f1/Unity.app/Contents/MonoBleedingEdge/lib/mono/unityjit'
Mono config path = '/Applications/Unity/Hub/Editor/2020.3.7f1/Unity.app/Contents/MonoBleedingEdge/etc'
Using monoOptions --debugger-agent=transport=dt_socket,embedding=1,server=y,suspend=n,address=127.0.0.1:56771
Begin MonoManager ReloadAssembly
Registering precompiled unity dll's ...
Register platform support module: /Applications/Unity/Hub/Editor/2020.3.7f1/Unity.app/Contents/PlaybackEngines/MacStandaloneSupport/UnityEditor.OSXStandalone.Extensions.dll
Registered in 0.001021 seconds.
Native extension for OSXStandalone target not found
Refreshing native plugins compatible for Editor in 25.63 ms, found 1 plugins.
Preloading 0 native plugins for Editor in 0.00 ms.
Mono: successfully reloaded assembly
- Completed reload, in  2.728 seconds
Platform modules already initialized, skipping
Registering precompiled user dll's ...
Registered in 0.000810 seconds.
Begin MonoManager ReloadAssembly
Native extension for OSXStandalone target not found
Refreshing native plugins compatible for Editor in 0.17 ms, found 1 plugins.
Preloading 0 native plugins for Editor in 0.00 ms.
Mono: successfully reloaded assembly
- Completed reload, in  1.778 seconds
Platform modules already initialized, skipping
========================================================================
Worker process is ready to serve import requests
Launching external process: /Applications/Unity/Hub/Editor/2020.3.7f1/Unity.app/Contents/Tools/UnityShaderCompiler
Launched and connected shader compiler UnityShaderCompiler after 0.03 seconds
Refreshing native plugins compatible for Editor in 0.17 ms, found 1 plugins.
Preloading 0 native plugins for Editor in 0.00 ms.
Unloading 1116 Unused Serialized files (Serialized files now loaded: 0)
System memory in use before: 109.5 MB.
System memory in use after: 109.5 MB.

Unloading 10 unused Assets to reduce memory usage. Loaded Objects now: 1558.
Total: 1.445708 ms (FindLiveObjects: 0.154916 ms CreateObjectMapping: 0.054500 ms MarkObjects: 1.140416 ms  DeleteObjects: 0.094959 ms)

========================================================================
Received Import Request.
  path: Assets/VoxelAnimals/Demo/FullDemoScene.unity
  artifactKey: Guid(d1ef72e5d8af69d4a83525e0091b6871) Importer(815301076,1909f56bfc062723c751e8b465ee728b)
Start importing Assets/VoxelAnimals/Demo/FullDemoScene.unity using Guid(d1ef72e5d8af69d4a83525e0091b6871) Importer(815301076,1909f56bfc062723c751e8b465ee728b)  -> (artifact id: '85c12797f5722dc9b14d6ef127fc0591') in 0.020791 seconds
  Import took 0.022810 seconds .

========================================================================
Received Import Request.
  Time since last request: 0.000195 seconds.
  path: Assets/VoxelAnimals/Demo/PPP.asset
  artifactKey: Guid(fa5b0c5a0375d4b47988a9feaecbaaed) Importer(815301076,1909f56bfc062723c751e8b465ee728b)
Start importing Assets/VoxelAnimals/Demo/PPP.asset using Guid(fa5b0c5a0375d4b47988a9feaecbaaed) Importer(815301076,1909f56bfc062723c751e8b465ee728b)  -> (artifact id: '46fd469880b35765a7b5694eb986a0b9') in 0.513410 seconds
  Import took 0.515012 seconds .

========================================================================
Received Import Request.
  Time since last request: 385.109551 seconds.
  path: Assets/VoxelAnimals/Demo/SimpleDemoScene.unity
  artifactKey: Guid(6dd397a78744a584dbe80d2ea645110a) Importer(815301076,1909f56bfc062723c751e8b465ee728b)
Start importing Assets/VoxelAnimals/Demo/SimpleDemoScene.unity using Guid(6dd397a78744a584dbe80d2ea645110a) Importer(815301076,1909f56bfc062723c751e8b465ee728b)  -> (artifact id: '82cbb2bc7e660b529b98dc1b76e4b0b7') in 0.002019 seconds
  Import took 0.004626 seconds .

========================================================================
Received Import Request.
  Time since last request: 97.721156 seconds.
  path: Assets/VoxelAnimals/Documentation/ReadMe.txt
  artifactKey: Guid(cf17bd01133cd3649a9cb9e22aaebfcf) Importer(815301076,1909f56bfc062723c751e8b465ee728b)
Start importing Assets/VoxelAnimals/Documentation/ReadMe.txt using Guid(cf17bd01133cd3649a9cb9e22aaebfcf) Importer(815301076,1909f56bfc062723c751e8b465ee728b)  -> (artifact id: '8c7fa65f68fd44a7f5493e6972eb8ae3') in 1.578896 seconds
  Import took 1.581953 seconds .

========================================================================
Received Import Request.
  Time since last request: 24.353859 seconds.
  path: Assets/VoxelAnimals/Assets/Scripts/PlayerController.cs
  artifactKey: Guid(40079260bda69f14c80332a04d1632a6) Importer(815301076,1909f56bfc062723c751e8b465ee728b)
Start importing Assets/VoxelAnimals/Assets/Scripts/PlayerController.cs using Guid(40079260bda69f14c80332a04d1632a6) Importer(815301076,1909f56bfc062723c751e8b465ee728b)  -> (artifact id: '182735b50c644154294044ddca53c476') in 0.108010 seconds
  Import took 0.109759 seconds .

========================================================================
Received Prepare
Registering precompiled user dll's ...
Registered in 0.000498 seconds.
Begin MonoManager ReloadAssembly
Native extension for OSXStandalone target not found
Refreshing native plugins compatible for Editor in 0.19 ms, found 1 plugins.
Preloading 0 native plugins for Editor in 0.00 ms.
Mono: successfully reloaded assembly
- Completed reload, in  1.683 seconds
Platform modules already initialized, skipping
Refreshing native plugins compatible for Editor in 0.16 ms, found 1 plugins.
Preloading 0 native plugins for Editor in 0.00 ms.
Unloading 1111 Unused Serialized files (Serialized files now loaded: 0)
System memory in use before: 122.3 MB.
System memory in use after: 122.3 MB.

Unloading 5 unused Assets to reduce memory usage. Loaded Objects now: 1561.
Total: 1.911917 ms (FindLiveObjects: 0.225583 ms CreateObjectMapping: 0.022042 ms MarkObjects: 1.611166 ms  DeleteObjects: 0.052250 ms)

