Using pre-set license

 COMMAND LINE ARGUMENTS:
/Applications/Unity/Hub/Editor/2020.3.7f1/Unity.app/Contents/MacOS/Unity
-adb2
-batchMode
-noUpm
-name
AssetImportWorker0
-projectPath
/Users/aymerickberthelot/Documents/GitHub/Programming-Theory-Repo/Programming Theory Project
-logFile
Logs/AssetImportWorker0.log
-srvPort
57514
Successfully changed project path to: /Users/aymerickberthelot/Documents/GitHub/Programming-Theory-Repo/Programming Theory Project
/Users/aymerickberthelot/Documents/GitHub/Programming-Theory-Repo/Programming Theory Project
Using Asset Import Pipeline V2.
Refreshing native plugins compatible for Editor in 24.05 ms, found 1 plugins.
Preloading 0 native plugins for Editor in 0.00 ms.
Initialize engine version: 2020.3.7f1 (dd97f2c94397)
[Subsystems] Discovering subsystems at path /Applications/Unity/Hub/Editor/2020.3.7f1/Unity.app/Contents/Resources/UnitySubsystems
[Subsystems] Discovering subsystems at path /Users/aymerickberthelot/Documents/GitHub/Programming-Theory-Repo/Programming Theory Project/Assets
GfxDevice: creating device client; threaded=0
2021-07-27 15:48:29.397 Unity[10947:397839] (null) preferred device: Apple M1 (high power)
2021-07-27 15:48:29.397 Unity[10947:397839] Metal devices available: 1
2021-07-27 15:48:29.397 Unity[10947:397839] 0: Apple M1 (high power)
2021-07-27 15:48:29.397 Unity[10947:397839] Using device Apple M1 (high power)
Initializing Metal device caps: Apple M1
Initialize mono
Mono path[0] = '/Applications/Unity/Hub/Editor/2020.3.7f1/Unity.app/Contents/Managed'
Mono path[1] = '/Applications/Unity/Hub/Editor/2020.3.7f1/Unity.app/Contents/MonoBleedingEdge/lib/mono/unityjit'
Mono config path = '/Applications/Unity/Hub/Editor/2020.3.7f1/Unity.app/Contents/MonoBleedingEdge/etc'
Using monoOptions --debugger-agent=transport=dt_socket,embedding=1,server=y,suspend=n,address=127.0.0.1:56947
Begin MonoManager ReloadAssembly
Registering precompiled unity dll's ...
Register platform support module: /Applications/Unity/Hub/Editor/2020.3.7f1/Unity.app/Contents/PlaybackEngines/MacStandaloneSupport/UnityEditor.OSXStandalone.Extensions.dll
Registered in 0.001850 seconds.
Native extension for OSXStandalone target not found
Refreshing native plugins compatible for Editor in 24.88 ms, found 1 plugins.
Preloading 0 native plugins for Editor in 0.00 ms.
Mono: successfully reloaded assembly
- Completed reload, in  2.608 seconds
Platform modules already initialized, skipping
Registering precompiled user dll's ...
Registered in 0.000573 seconds.
Begin MonoManager ReloadAssembly
Native extension for OSXStandalone target not found
Refreshing native plugins compatible for Editor in 0.20 ms, found 1 plugins.
Preloading 0 native plugins for Editor in 0.00 ms.
Mono: successfully reloaded assembly
- Completed reload, in  1.641 seconds
Platform modules already initialized, skipping
========================================================================
Worker process is ready to serve import requests
Launching external process: /Applications/Unity/Hub/Editor/2020.3.7f1/Unity.app/Contents/Tools/UnityShaderCompiler
Launched and connected shader compiler UnityShaderCompiler after 0.03 seconds
Refreshing native plugins compatible for Editor in 0.27 ms, found 1 plugins.
Preloading 0 native plugins for Editor in 0.00 ms.
Unloading 1137 Unused Serialized files (Serialized files now loaded: 0)
System memory in use before: 112.9 MB.
System memory in use after: 112.9 MB.

Unloading 10 unused Assets to reduce memory usage. Loaded Objects now: 1580.
Total: 1.528166 ms (FindLiveObjects: 0.124959 ms CreateObjectMapping: 0.055500 ms MarkObjects: 1.240458 ms  DeleteObjects: 0.106375 ms)

========================================================================
Received Import Request.
  path: Assets/VoxelAnimals/Demo/Menu.unity
  artifactKey: Guid(e3f6cb3b3989f470991d6db67d804c66) Importer(815301076,1909f56bfc062723c751e8b465ee728b)
Start importing Assets/VoxelAnimals/Demo/Menu.unity using Guid(e3f6cb3b3989f470991d6db67d804c66) Importer(815301076,1909f56bfc062723c751e8b465ee728b)  -> (artifact id: '831113c9c0c4cd265a1f7326aa7d741f') in 0.016541 seconds
  Import took 0.018598 seconds .

========================================================================
Received Import Request.
  Time since last request: 3.129978 seconds.
  path: Assets/VoxelAnimals/Demo/Menu.unity
  artifactKey: Guid(e3f6cb3b3989f470991d6db67d804c66) Importer(815301076,1909f56bfc062723c751e8b465ee728b)
Start importing Assets/VoxelAnimals/Demo/Menu.unity using Guid(e3f6cb3b3989f470991d6db67d804c66) Importer(815301076,1909f56bfc062723c751e8b465ee728b)  -> (artifact id: '831113c9c0c4cd265a1f7326aa7d741f') in 0.001561 seconds
  Import took 0.003782 seconds .

========================================================================
Received Prepare
Registering precompiled user dll's ...
Registered in 0.000667 seconds.
Begin MonoManager ReloadAssembly
Native extension for OSXStandalone target not found
Refreshing native plugins compatible for Editor in 0.20 ms, found 1 plugins.
Preloading 0 native plugins for Editor in 0.00 ms.
Mono: successfully reloaded assembly
- Completed reload, in  1.570 seconds
Platform modules already initialized, skipping
Refreshing native plugins compatible for Editor in 0.19 ms, found 1 plugins.
Preloading 0 native plugins for Editor in 0.00 ms.
Unloading 1119 Unused Serialized files (Serialized files now loaded: 0)
System memory in use before: 111.6 MB.
System memory in use after: 111.7 MB.

Unloading 5 unused Assets to reduce memory usage. Loaded Objects now: 1583.
Total: 4.382083 ms (FindLiveObjects: 2.483958 ms CreateObjectMapping: 0.049625 ms MarkObjects: 1.786083 ms  DeleteObjects: 0.061750 ms)

========================================================================
Received Prepare
Registering precompiled user dll's ...
Registered in 0.000331 seconds.
Begin MonoManager ReloadAssembly
Native extension for OSXStandalone target not found
Refreshing native plugins compatible for Editor in 0.31 ms, found 1 plugins.
Preloading 0 native plugins for Editor in 0.00 ms.
Mono: successfully reloaded assembly
- Completed reload, in  1.656 seconds
Platform modules already initialized, skipping
Refreshing native plugins compatible for Editor in 0.19 ms, found 1 plugins.
Preloading 0 native plugins for Editor in 0.00 ms.
Unloading 1119 Unused Serialized files (Serialized files now loaded: 0)
System memory in use before: 111.8 MB.
System memory in use after: 111.8 MB.

Unloading 5 unused Assets to reduce memory usage. Loaded Objects now: 1586.
Total: 1.456625 ms (FindLiveObjects: 0.244375 ms CreateObjectMapping: 0.026875 ms MarkObjects: 1.120417 ms  DeleteObjects: 0.064417 ms)

========================================================================
Received Prepare
Registering precompiled user dll's ...
Registered in 0.000775 seconds.
Begin MonoManager ReloadAssembly
Native extension for OSXStandalone target not found
Refreshing native plugins compatible for Editor in 0.30 ms, found 1 plugins.
Preloading 0 native plugins for Editor in 0.00 ms.
Mono: successfully reloaded assembly
- Completed reload, in  1.629 seconds
Platform modules already initialized, skipping
Refreshing native plugins compatible for Editor in 0.19 ms, found 1 plugins.
Preloading 0 native plugins for Editor in 0.00 ms.
Unloading 1119 Unused Serialized files (Serialized files now loaded: 0)
System memory in use before: 112.0 MB.
System memory in use after: 112.1 MB.

Unloading 5 unused Assets to reduce memory usage. Loaded Objects now: 1589.
Total: 1.136417 ms (FindLiveObjects: 0.125917 ms CreateObjectMapping: 0.023208 ms MarkObjects: 0.934375 ms  DeleteObjects: 0.052208 ms)

========================================================================
Received Prepare
Registering precompiled user dll's ...
Registered in 0.000344 seconds.
Begin MonoManager ReloadAssembly
Native extension for OSXStandalone target not found
Refreshing native plugins compatible for Editor in 0.23 ms, found 1 plugins.
Preloading 0 native plugins for Editor in 0.00 ms.
Mono: successfully reloaded assembly
- Completed reload, in  1.707 seconds
Platform modules already initialized, skipping
Refreshing native plugins compatible for Editor in 0.19 ms, found 1 plugins.
Preloading 0 native plugins for Editor in 0.00 ms.
Unloading 1119 Unused Serialized files (Serialized files now loaded: 0)
System memory in use before: 112.3 MB.
System memory in use after: 112.3 MB.

Unloading 5 unused Assets to reduce memory usage. Loaded Objects now: 1592.
Total: 1.201125 ms (FindLiveObjects: 0.144667 ms CreateObjectMapping: 0.024250 ms MarkObjects: 0.973416 ms  DeleteObjects: 0.057750 ms)

========================================================================
Received Prepare
Registering precompiled user dll's ...
Registered in 0.000420 seconds.
Begin MonoManager ReloadAssembly
Native extension for OSXStandalone target not found
Refreshing native plugins compatible for Editor in 0.18 ms, found 1 plugins.
Preloading 0 native plugins for Editor in 0.00 ms.
Mono: successfully reloaded assembly
- Completed reload, in  1.551 seconds
Platform modules already initialized, skipping
Refreshing native plugins compatible for Editor in 0.28 ms, found 1 plugins.
Preloading 0 native plugins for Editor in 0.00 ms.
Unloading 1119 Unused Serialized files (Serialized files now loaded: 0)
System memory in use before: 112.4 MB.
System memory in use after: 112.5 MB.

Unloading 5 unused Assets to reduce memory usage. Loaded Objects now: 1595.
Total: 1.067709 ms (FindLiveObjects: 0.076500 ms CreateObjectMapping: 0.023334 ms MarkObjects: 0.922834 ms  DeleteObjects: 0.044333 ms)

========================================================================
Received Prepare
Registering precompiled user dll's ...
Registered in 0.000353 seconds.
Begin MonoManager ReloadAssembly
Native extension for OSXStandalone target not found
Refreshing native plugins compatible for Editor in 0.20 ms, found 1 plugins.
Preloading 0 native plugins for Editor in 0.00 ms.
Mono: successfully reloaded assembly
- Completed reload, in  1.714 seconds
Platform modules already initialized, skipping
Refreshing native plugins compatible for Editor in 0.19 ms, found 1 plugins.
Preloading 0 native plugins for Editor in 0.00 ms.
Unloading 1119 Unused Serialized files (Serialized files now loaded: 0)
System memory in use before: 112.6 MB.
System memory in use after: 112.7 MB.

Unloading 5 unused Assets to reduce memory usage. Loaded Objects now: 1598.
Total: 1.137209 ms (FindLiveObjects: 0.123583 ms CreateObjectMapping: 0.023375 ms MarkObjects: 0.934417 ms  DeleteObjects: 0.055208 ms)

========================================================================
Received Prepare
Registering precompiled user dll's ...
Registered in 0.000289 seconds.
Begin MonoManager ReloadAssembly
Native extension for OSXStandalone target not found
Refreshing native plugins compatible for Editor in 0.20 ms, found 1 plugins.
Preloading 0 native plugins for Editor in 0.00 ms.
Mono: successfully reloaded assembly
- Completed reload, in  1.695 seconds
Platform modules already initialized, skipping
Refreshing native plugins compatible for Editor in 0.20 ms, found 1 plugins.
Preloading 0 native plugins for Editor in 0.00 ms.
Unloading 1119 Unused Serialized files (Serialized files now loaded: 0)
System memory in use before: 112.8 MB.
System memory in use after: 112.9 MB.

Unloading 5 unused Assets to reduce memory usage. Loaded Objects now: 1601.
Total: 1.187583 ms (FindLiveObjects: 0.128166 ms CreateObjectMapping: 0.024708 ms MarkObjects: 0.973792 ms  DeleteObjects: 0.059791 ms)

========================================================================
Received Prepare
Registering precompiled user dll's ...
Registered in 0.000280 seconds.
Begin MonoManager ReloadAssembly
Native extension for OSXStandalone target not found
Refreshing native plugins compatible for Editor in 0.20 ms, found 1 plugins.
Preloading 0 native plugins for Editor in 0.00 ms.
Mono: successfully reloaded assembly
- Completed reload, in  1.732 seconds
Platform modules already initialized, skipping
Refreshing native plugins compatible for Editor in 0.21 ms, found 1 plugins.
Preloading 0 native plugins for Editor in 0.00 ms.
Unloading 1119 Unused Serialized files (Serialized files now loaded: 0)
System memory in use before: 113.0 MB.
System memory in use after: 113.0 MB.

Unloading 5 unused Assets to reduce memory usage. Loaded Objects now: 1604.
Total: 1.156875 ms (FindLiveObjects: 0.114291 ms CreateObjectMapping: 0.023459 ms MarkObjects: 0.966875 ms  DeleteObjects: 0.051417 ms)

========================================================================
Received Prepare
Registering precompiled user dll's ...
Registered in 0.000783 seconds.
Begin MonoManager ReloadAssembly
Native extension for OSXStandalone target not found
Refreshing native plugins compatible for Editor in 0.19 ms, found 1 plugins.
Preloading 0 native plugins for Editor in 0.00 ms.
Mono: successfully reloaded assembly
- Completed reload, in  1.606 seconds
Platform modules already initialized, skipping
Refreshing native plugins compatible for Editor in 0.18 ms, found 1 plugins.
Preloading 0 native plugins for Editor in 0.00 ms.
Unloading 1119 Unused Serialized files (Serialized files now loaded: 0)
System memory in use before: 113.2 MB.
System memory in use after: 113.2 MB.

Unloading 5 unused Assets to reduce memory usage. Loaded Objects now: 1607.
Total: 1.152084 ms (FindLiveObjects: 0.112042 ms CreateObjectMapping: 0.023542 ms MarkObjects: 0.958250 ms  DeleteObjects: 0.057333 ms)

========================================================================
Received Prepare
Registering precompiled user dll's ...
Registered in 0.000390 seconds.
Begin MonoManager ReloadAssembly
Native extension for OSXStandalone target not found
Refreshing native plugins compatible for Editor in 0.21 ms, found 1 plugins.
Preloading 0 native plugins for Editor in 0.00 ms.
Mono: successfully reloaded assembly
- Completed reload, in  1.716 seconds
Platform modules already initialized, skipping
Refreshing native plugins compatible for Editor in 0.20 ms, found 1 plugins.
Preloading 0 native plugins for Editor in 0.00 ms.
Unloading 1119 Unused Serialized files (Serialized files now loaded: 0)
System memory in use before: 113.4 MB.
System memory in use after: 113.4 MB.

Unloading 5 unused Assets to reduce memory usage. Loaded Objects now: 1610.
Total: 1.626250 ms (FindLiveObjects: 0.219708 ms CreateObjectMapping: 0.026333 ms MarkObjects: 1.308250 ms  DeleteObjects: 0.070375 ms)

========================================================================
Received Prepare
Registering precompiled user dll's ...
Registered in 0.000321 seconds.
Begin MonoManager ReloadAssembly
Native extension for OSXStandalone target not found
Refreshing native plugins compatible for Editor in 0.20 ms, found 1 plugins.
Preloading 0 native plugins for Editor in 0.00 ms.
Mono: successfully reloaded assembly
- Completed reload, in  1.688 seconds
Platform modules already initialized, skipping
Refreshing native plugins compatible for Editor in 0.27 ms, found 1 plugins.
Preloading 0 native plugins for Editor in 0.00 ms.
Unloading 1119 Unused Serialized files (Serialized files now loaded: 0)
System memory in use before: 113.6 MB.
System memory in use after: 113.6 MB.

Unloading 5 unused Assets to reduce memory usage. Loaded Objects now: 1613.
Total: 1.094250 ms (FindLiveObjects: 0.119792 ms CreateObjectMapping: 0.022458 ms MarkObjects: 0.900791 ms  DeleteObjects: 0.050250 ms)

========================================================================
Received Prepare
Registering precompiled user dll's ...
Registered in 0.000876 seconds.
Begin MonoManager ReloadAssembly
Native extension for OSXStandalone target not found
Refreshing native plugins compatible for Editor in 0.18 ms, found 1 plugins.
Preloading 0 native plugins for Editor in 0.00 ms.
Mono: successfully reloaded assembly
- Completed reload, in  1.569 seconds
Platform modules already initialized, skipping
Refreshing native plugins compatible for Editor in 0.23 ms, found 1 plugins.
Preloading 0 native plugins for Editor in 0.00 ms.
Unloading 1119 Unused Serialized files (Serialized files now loaded: 0)
System memory in use before: 113.8 MB.
System memory in use after: 113.8 MB.

Unloading 5 unused Assets to reduce memory usage. Loaded Objects now: 1616.
Total: 1.122792 ms (FindLiveObjects: 0.096417 ms CreateObjectMapping: 0.023125 ms MarkObjects: 0.954208 ms  DeleteObjects: 0.048125 ms)

========================================================================
Received Prepare
Registering precompiled user dll's ...
Registered in 0.000328 seconds.
Begin MonoManager ReloadAssembly
Native extension for OSXStandalone target not found
Refreshing native plugins compatible for Editor in 0.20 ms, found 1 plugins.
Preloading 0 native plugins for Editor in 0.00 ms.
Mono: successfully reloaded assembly
- Completed reload, in  1.676 seconds
Platform modules already initialized, skipping
Refreshing native plugins compatible for Editor in 0.20 ms, found 1 plugins.
Preloading 0 native plugins for Editor in 0.00 ms.
Unloading 1119 Unused Serialized files (Serialized files now loaded: 0)
System memory in use before: 114.0 MB.
System memory in use after: 114.0 MB.

Unloading 5 unused Assets to reduce memory usage. Loaded Objects now: 1619.
Total: 1.442125 ms (FindLiveObjects: 0.175542 ms CreateObjectMapping: 0.024750 ms MarkObjects: 1.176041 ms  DeleteObjects: 0.064625 ms)

========================================================================
Received Prepare
Registering precompiled user dll's ...
Registered in 0.000283 seconds.
Begin MonoManager ReloadAssembly
Native extension for OSXStandalone target not found
Refreshing native plugins compatible for Editor in 0.23 ms, found 1 plugins.
Preloading 0 native plugins for Editor in 0.00 ms.
Mono: successfully reloaded assembly
- Completed reload, in  1.718 seconds
Platform modules already initialized, skipping
Refreshing native plugins compatible for Editor in 0.20 ms, found 1 plugins.
Preloading 0 native plugins for Editor in 0.00 ms.
Unloading 1119 Unused Serialized files (Serialized files now loaded: 0)
System memory in use before: 114.1 MB.
System memory in use after: 114.2 MB.

Unloading 5 unused Assets to reduce memory usage. Loaded Objects now: 1622.
Total: 1.213916 ms (FindLiveObjects: 0.127416 ms CreateObjectMapping: 0.024209 ms MarkObjects: 1.000666 ms  DeleteObjects: 0.060667 ms)

========================================================================
Received Prepare
Registering precompiled user dll's ...
Registered in 0.000315 seconds.
Begin MonoManager ReloadAssembly
Native extension for OSXStandalone target not found
Refreshing native plugins compatible for Editor in 0.19 ms, found 1 plugins.
Preloading 0 native plugins for Editor in 0.00 ms.
Mono: successfully reloaded assembly
- Completed reload, in  1.720 seconds
Platform modules already initialized, skipping
Refreshing native plugins compatible for Editor in 0.21 ms, found 1 plugins.
Preloading 0 native plugins for Editor in 0.00 ms.
Unloading 1119 Unused Serialized files (Serialized files now loaded: 0)
System memory in use before: 114.3 MB.
System memory in use after: 114.4 MB.

Unloading 5 unused Assets to reduce memory usage. Loaded Objects now: 1625.
Total: 1.231791 ms (FindLiveObjects: 0.127042 ms CreateObjectMapping: 0.024250 ms MarkObjects: 1.021542 ms  DeleteObjects: 0.058209 ms)

========================================================================
Received Prepare
Registering precompiled user dll's ...
Registered in 0.000367 seconds.
Begin MonoManager ReloadAssembly
Native extension for OSXStandalone target not found
Refreshing native plugins compatible for Editor in 0.20 ms, found 1 plugins.
Preloading 0 native plugins for Editor in 0.00 ms.
Mono: successfully reloaded assembly
- Completed reload, in  1.731 seconds
Platform modules already initialized, skipping
Refreshing native plugins compatible for Editor in 0.19 ms, found 1 plugins.
Preloading 0 native plugins for Editor in 0.00 ms.
Unloading 1119 Unused Serialized files (Serialized files now loaded: 0)
System memory in use before: 114.5 MB.
System memory in use after: 114.5 MB.

Unloading 5 unused Assets to reduce memory usage. Loaded Objects now: 1628.
Total: 1.208041 ms (FindLiveObjects: 0.126125 ms CreateObjectMapping: 0.023875 ms MarkObjects: 0.996917 ms  DeleteObjects: 0.060167 ms)

========================================================================
Received Prepare
Registering precompiled user dll's ...
Registered in 0.003851 seconds.
Begin MonoManager ReloadAssembly
Native extension for OSXStandalone target not found
Refreshing native plugins compatible for Editor in 0.18 ms, found 1 plugins.
Preloading 0 native plugins for Editor in 0.00 ms.
Mono: successfully reloaded assembly
- Completed reload, in  1.547 seconds
Platform modules already initialized, skipping
Refreshing native plugins compatible for Editor in 0.16 ms, found 1 plugins.
Preloading 0 native plugins for Editor in 0.00 ms.
Unloading 1119 Unused Serialized files (Serialized files now loaded: 0)
System memory in use before: 114.7 MB.
System memory in use after: 114.7 MB.

Unloading 5 unused Assets to reduce memory usage. Loaded Objects now: 1631.
Total: 1.126042 ms (FindLiveObjects: 0.118583 ms CreateObjectMapping: 0.023333 ms MarkObjects: 0.933000 ms  DeleteObjects: 0.050167 ms)

========================================================================
Received Prepare
Registering precompiled user dll's ...
Registered in 0.000305 seconds.
Begin MonoManager ReloadAssembly
Native extension for OSXStandalone target not found
Refreshing native plugins compatible for Editor in 0.20 ms, found 1 plugins.
Preloading 0 native plugins for Editor in 0.00 ms.
Mono: successfully reloaded assembly
- Completed reload, in  1.695 seconds
Platform modules already initialized, skipping
Refreshing native plugins compatible for Editor in 0.19 ms, found 1 plugins.
Preloading 0 native plugins for Editor in 0.00 ms.
Unloading 1119 Unused Serialized files (Serialized files now loaded: 0)
System memory in use before: 114.9 MB.
System memory in use after: 114.9 MB.

Unloading 5 unused Assets to reduce memory usage. Loaded Objects now: 1634.
Total: 1.196041 ms (FindLiveObjects: 0.123875 ms CreateObjectMapping: 0.024375 ms MarkObjects: 0.991333 ms  DeleteObjects: 0.055583 ms)

========================================================================
Received Prepare
Registering precompiled user dll's ...
Registered in 0.001682 seconds.
Begin MonoManager ReloadAssembly
Native extension for OSXStandalone target not found
Refreshing native plugins compatible for Editor in 0.18 ms, found 1 plugins.
Preloading 0 native plugins for Editor in 0.00 ms.
Mono: successfully reloaded assembly
- Completed reload, in  1.509 seconds
Platform modules already initialized, skipping
Refreshing native plugins compatible for Editor in 0.15 ms, found 1 plugins.
Preloading 0 native plugins for Editor in 0.00 ms.
Unloading 1119 Unused Serialized files (Serialized files now loaded: 0)
System memory in use before: 115.1 MB.
System memory in use after: 115.1 MB.

Unloading 5 unused Assets to reduce memory usage. Loaded Objects now: 1637.
Total: 1.066667 ms (FindLiveObjects: 0.080125 ms CreateObjectMapping: 0.023375 ms MarkObjects: 0.913792 ms  DeleteObjects: 0.048792 ms)

========================================================================
Received Prepare
Registering precompiled user dll's ...
Registered in 0.000265 seconds.
Begin MonoManager ReloadAssembly
Native extension for OSXStandalone target not found
Refreshing native plugins compatible for Editor in 0.20 ms, found 1 plugins.
Preloading 0 native plugins for Editor in 0.00 ms.
Mono: successfully reloaded assembly
- Completed reload, in  1.627 seconds
Platform modules already initialized, skipping
Refreshing native plugins compatible for Editor in 0.19 ms, found 1 plugins.
Preloading 0 native plugins for Editor in 0.00 ms.
Unloading 1119 Unused Serialized files (Serialized files now loaded: 0)
System memory in use before: 115.3 MB.
System memory in use after: 115.3 MB.

Unloading 5 unused Assets to reduce memory usage. Loaded Objects now: 1640.
Total: 1.221958 ms (FindLiveObjects: 0.138667 ms CreateObjectMapping: 0.025250 ms MarkObjects: 1.004875 ms  DeleteObjects: 0.052167 ms)

========================================================================
Received Prepare
Registering precompiled user dll's ...
Registered in 0.000302 seconds.
Begin MonoManager ReloadAssembly
Native extension for OSXStandalone target not found
Refreshing native plugins compatible for Editor in 0.19 ms, found 1 plugins.
Preloading 0 native plugins for Editor in 0.00 ms.
Mono: successfully reloaded assembly
- Completed reload, in  1.694 seconds
Platform modules already initialized, skipping
Refreshing native plugins compatible for Editor in 0.20 ms, found 1 plugins.
Preloading 0 native plugins for Editor in 0.00 ms.
Unloading 1119 Unused Serialized files (Serialized files now loaded: 0)
System memory in use before: 115.5 MB.
System memory in use after: 115.5 MB.

Unloading 5 unused Assets to reduce memory usage. Loaded Objects now: 1643.
Total: 1.194667 ms (FindLiveObjects: 0.114083 ms CreateObjectMapping: 0.024375 ms MarkObjects: 0.992875 ms  DeleteObjects: 0.062417 ms)

========================================================================
Received Prepare
Registering precompiled user dll's ...
Registered in 0.000630 seconds.
Begin MonoManager ReloadAssembly
Native extension for OSXStandalone target not found
Refreshing native plugins compatible for Editor in 0.20 ms, found 1 plugins.
Preloading 0 native plugins for Editor in 0.00 ms.
Mono: successfully reloaded assembly
- Completed reload, in  1.619 seconds
Platform modules already initialized, skipping
Refreshing native plugins compatible for Editor in 0.18 ms, found 1 plugins.
Preloading 0 native plugins for Editor in 0.00 ms.
Unloading 1119 Unused Serialized files (Serialized files now loaded: 0)
System memory in use before: 115.7 MB.
System memory in use after: 115.7 MB.

Unloading 5 unused Assets to reduce memory usage. Loaded Objects now: 1646.
Total: 1.145000 ms (FindLiveObjects: 0.113666 ms CreateObjectMapping: 0.023750 ms MarkObjects: 0.954083 ms  DeleteObjects: 0.052667 ms)

========================================================================
Received Import Request.
  Time since last request: 1876.397308 seconds.
  path: Assets/VoxelAnimals/Assets/Prefabs/Lion.prefab
  artifactKey: Guid(d2edcf95960b81249bf3f4a30ad1a908) Importer(815301076,1909f56bfc062723c751e8b465ee728b)
Start importing Assets/VoxelAnimals/Assets/Prefabs/Lion.prefab using Guid(d2edcf95960b81249bf3f4a30ad1a908) Importer(815301076,1909f56bfc062723c751e8b465ee728b)  -> (artifact id: '9a4647e37a4520e6fb7ffb83f241f56c') in 0.978989 seconds
  Import took 0.986303 seconds .

========================================================================
Received Import Request.
  Time since last request: 6.054846 seconds.
  path: Assets/VoxelAnimals/Assets/Prefabs/Lion.prefab
  artifactKey: Guid(d2edcf95960b81249bf3f4a30ad1a908) Importer(815301076,1909f56bfc062723c751e8b465ee728b)
Start importing Assets/VoxelAnimals/Assets/Prefabs/Lion.prefab using Guid(d2edcf95960b81249bf3f4a30ad1a908) Importer(815301076,1909f56bfc062723c751e8b465ee728b)  -> (artifact id: '588d1a84efa67abd14711cafb84abb23') in 0.026557 seconds
  Import took 0.029401 seconds .

========================================================================
Received Prepare
Registering precompiled user dll's ...
Registered in 0.000316 seconds.
Begin MonoManager ReloadAssembly
Native extension for OSXStandalone target not found
Refreshing native plugins compatible for Editor in 0.28 ms, found 1 plugins.
Preloading 0 native plugins for Editor in 0.00 ms.
Mono: successfully reloaded assembly
- Completed reload, in  1.715 seconds
Platform modules already initialized, skipping
Refreshing native plugins compatible for Editor in 0.20 ms, found 1 plugins.
Preloading 0 native plugins for Editor in 0.00 ms.
Unloading 1119 Unused Serialized files (Serialized files now loaded: 0)
System memory in use before: 123.7 MB.
System memory in use after: 123.7 MB.

Unloading 5 unused Assets to reduce memory usage. Loaded Objects now: 1656.
Total: 1.192667 ms (FindLiveObjects: 0.119208 ms CreateObjectMapping: 0.027125 ms MarkObjects: 0.987625 ms  DeleteObjects: 0.057958 ms)

========================================================================
Received Prepare
Registering precompiled user dll's ...
Registered in 0.002264 seconds.
Begin MonoManager ReloadAssembly
Native extension for OSXStandalone target not found
Refreshing native plugins compatible for Editor in 0.19 ms, found 1 plugins.
Preloading 0 native plugins for Editor in 0.00 ms.
Mono: successfully reloaded assembly
- Completed reload, in  1.614 seconds
Platform modules already initialized, skipping
Refreshing native plugins compatible for Editor in 0.19 ms, found 1 plugins.
Preloading 0 native plugins for Editor in 0.00 ms.
Unloading 1119 Unused Serialized files (Serialized files now loaded: 0)
System memory in use before: 123.8 MB.
System memory in use after: 123.8 MB.

Unloading 5 unused Assets to reduce memory usage. Loaded Objects now: 1659.
Total: 1.134042 ms (FindLiveObjects: 0.111416 ms CreateObjectMapping: 0.031125 ms MarkObjects: 0.940083 ms  DeleteObjects: 0.050708 ms)

========================================================================
Received Prepare
Registering precompiled user dll's ...
Registered in 0.000310 seconds.
Begin MonoManager ReloadAssembly
Native extension for OSXStandalone target not found
Refreshing native plugins compatible for Editor in 0.18 ms, found 1 plugins.
Preloading 0 native plugins for Editor in 0.00 ms.
Mono: successfully reloaded assembly
- Completed reload, in  1.691 seconds
Platform modules already initialized, skipping
Refreshing native plugins compatible for Editor in 0.19 ms, found 1 plugins.
Preloading 0 native plugins for Editor in 0.00 ms.
Unloading 1119 Unused Serialized files (Serialized files now loaded: 0)
System memory in use before: 124.0 MB.
System memory in use after: 124.1 MB.

Unloading 5 unused Assets to reduce memory usage. Loaded Objects now: 1662.
Total: 1.221375 ms (FindLiveObjects: 0.118541 ms CreateObjectMapping: 0.024167 ms MarkObjects: 1.016375 ms  DeleteObjects: 0.061375 ms)

========================================================================
Received Import Request.
  Time since last request: 160.462524 seconds.
  path: Assets/VoxelAnimals/Assets/Prefabs/Cat.prefab
  artifactKey: Guid(aa2d47f95b34fbe4d9cbe095f13585b5) Importer(815301076,1909f56bfc062723c751e8b465ee728b)
Start importing Assets/VoxelAnimals/Assets/Prefabs/Cat.prefab using Guid(aa2d47f95b34fbe4d9cbe095f13585b5) Importer(815301076,1909f56bfc062723c751e8b465ee728b)  -> (artifact id: 'bc9223700882eeb942b74c294ed1c421') in 0.177210 seconds
  Import took 0.179332 seconds .

========================================================================
Received Import Request.
  Time since last request: 5.740021 seconds.
  path: Assets/VoxelAnimals/Assets/Prefabs/Cat.prefab
  artifactKey: Guid(aa2d47f95b34fbe4d9cbe095f13585b5) Importer(815301076,1909f56bfc062723c751e8b465ee728b)
Start importing Assets/VoxelAnimals/Assets/Prefabs/Cat.prefab using Guid(aa2d47f95b34fbe4d9cbe095f13585b5) Importer(815301076,1909f56bfc062723c751e8b465ee728b)  -> (artifact id: '87ec39ea5a93b7926621377cafd867b1') in 0.017055 seconds
  Import took 0.019249 seconds .

========================================================================
Received Import Request.
  Time since last request: 0.000210 seconds.
  path: Assets/VoxelAnimals/Assets/Prefabs/Chicken.prefab
  artifactKey: Guid(aa3784adb6428184e991be2d60ee0cb2) Importer(815301076,1909f56bfc062723c751e8b465ee728b)
Start importing Assets/VoxelAnimals/Assets/Prefabs/Chicken.prefab using Guid(aa3784adb6428184e991be2d60ee0cb2) Importer(815301076,1909f56bfc062723c751e8b465ee728b)  -> (artifact id: '14bf378a730846cdc03673d5cee2551f') in 0.010922 seconds
  Import took 0.012915 seconds .

========================================================================
Received Import Request.
  Time since last request: 0.000179 seconds.
  path: Assets/VoxelAnimals/Assets/Prefabs/Dog.prefab
  artifactKey: Guid(7451ef01e53127446b9d7406220542f6) Importer(815301076,1909f56bfc062723c751e8b465ee728b)
Start importing Assets/VoxelAnimals/Assets/Prefabs/Dog.prefab using Guid(7451ef01e53127446b9d7406220542f6) Importer(815301076,1909f56bfc062723c751e8b465ee728b)  -> (artifact id: '281b19f42d87598e482ad08cdc0d6c62') in 0.017142 seconds
  Import took 0.018963 seconds .

========================================================================
Received Prepare
Registering precompiled user dll's ...
Registered in 0.000345 seconds.
Begin MonoManager ReloadAssembly
Native extension for OSXStandalone target not found
Refreshing native plugins compatible for Editor in 0.19 ms, found 1 plugins.
Preloading 0 native plugins for Editor in 0.00 ms.
Mono: successfully reloaded assembly
- Completed reload, in  1.641 seconds
Platform modules already initialized, skipping
Refreshing native plugins compatible for Editor in 0.19 ms, found 1 plugins.
Preloading 0 native plugins for Editor in 0.00 ms.
Unloading 1119 Unused Serialized files (Serialized files now loaded: 0)
System memory in use before: 124.3 MB.
System memory in use after: 124.4 MB.

Unloading 6 unused Assets to reduce memory usage. Loaded Objects now: 1666.
Total: 1.193125 ms (FindLiveObjects: 0.124458 ms CreateObjectMapping: 0.024458 ms MarkObjects: 0.971417 ms  DeleteObjects: 0.071791 ms)

========================================================================
Received Prepare
Registering precompiled user dll's ...
Registered in 0.000327 seconds.
Begin MonoManager ReloadAssembly
Native extension for OSXStandalone target not found
Refreshing native plugins compatible for Editor in 0.22 ms, found 1 plugins.
Preloading 0 native plugins for Editor in 0.00 ms.
Mono: successfully reloaded assembly
- Completed reload, in  1.661 seconds
Platform modules already initialized, skipping
Refreshing native plugins compatible for Editor in 0.19 ms, found 1 plugins.
Preloading 0 native plugins for Editor in 0.00 ms.
Unloading 1119 Unused Serialized files (Serialized files now loaded: 0)
System memory in use before: 124.5 MB.
System memory in use after: 124.6 MB.

Unloading 5 unused Assets to reduce memory usage. Loaded Objects now: 1669.
Total: 1.212041 ms (FindLiveObjects: 0.123583 ms CreateObjectMapping: 0.024041 ms MarkObjects: 0.999667 ms  DeleteObjects: 0.064000 ms)

========================================================================
Received Prepare
Registering precompiled user dll's ...
Registered in 0.000812 seconds.
Begin MonoManager ReloadAssembly
Native extension for OSXStandalone target not found
Refreshing native plugins compatible for Editor in 0.20 ms, found 1 plugins.
Preloading 0 native plugins for Editor in 0.00 ms.
Mono: successfully reloaded assembly
- Completed reload, in  1.602 seconds
Platform modules already initialized, skipping
Refreshing native plugins compatible for Editor in 0.17 ms, found 1 plugins.
Preloading 0 native plugins for Editor in 0.00 ms.
Unloading 1119 Unused Serialized files (Serialized files now loaded: 0)
System memory in use before: 124.7 MB.
System memory in use after: 124.7 MB.

Unloading 5 unused Assets to reduce memory usage. Loaded Objects now: 1672.
Total: 1.175834 ms (FindLiveObjects: 0.107375 ms CreateObjectMapping: 0.023917 ms MarkObjects: 0.986208 ms  DeleteObjects: 0.057709 ms)

========================================================================
Received Import Request.
  Time since last request: 407.404195 seconds.
  path: Assets/VoxelAnimals/Assets/Scripts/Animal.cs
  artifactKey: Guid(8bec6fc492ce64727986a5a71432a469) Importer(815301076,1909f56bfc062723c751e8b465ee728b)
Start importing Assets/VoxelAnimals/Assets/Scripts/Animal.cs using Guid(8bec6fc492ce64727986a5a71432a469) Importer(815301076,1909f56bfc062723c751e8b465ee728b)  -> (artifact id: '384691d01b6dcc8207bc0123ffc85ebb') in 0.180980 seconds
  Import took 0.184611 seconds .

========================================================================
Received Import Request.
  Time since last request: 0.104330 seconds.
  path: Assets/VoxelAnimals/Assets/Scripts/Animal.cs
  artifactKey: Guid(8bec6fc492ce64727986a5a71432a469) Importer(815301076,1909f56bfc062723c751e8b465ee728b)
Start importing Assets/VoxelAnimals/Assets/Scripts/Animal.cs using Guid(8bec6fc492ce64727986a5a71432a469) Importer(815301076,1909f56bfc062723c751e8b465ee728b)  -> (artifact id: '384691d01b6dcc8207bc0123ffc85ebb') in 0.001770 seconds
  Import took 0.003816 seconds .

========================================================================
Received Prepare
Registering precompiled user dll's ...
Registered in 0.000334 seconds.
Begin MonoManager ReloadAssembly
Native extension for OSXStandalone target not found
Refreshing native plugins compatible for Editor in 0.19 ms, found 1 plugins.
Preloading 0 native plugins for Editor in 0.00 ms.
Mono: successfully reloaded assembly
- Completed reload, in  1.682 seconds
Platform modules already initialized, skipping
Refreshing native plugins compatible for Editor in 0.19 ms, found 1 plugins.
Preloading 0 native plugins for Editor in 0.00 ms.
Unloading 1120 Unused Serialized files (Serialized files now loaded: 0)
System memory in use before: 129.2 MB.
System memory in use after: 129.2 MB.

Unloading 5 unused Assets to reduce memory usage. Loaded Objects now: 1676.
Total: 1.198666 ms (FindLiveObjects: 0.122667 ms CreateObjectMapping: 0.024208 ms MarkObjects: 0.990916 ms  DeleteObjects: 0.059917 ms)

========================================================================
Received Import Request.
  Time since last request: 5.885041 seconds.
  path: Assets/VoxelAnimals/Assets/Scripts/M.cs
  artifactKey: Guid(dc9a4e0cb95ad44dca36335e38033de8) Importer(815301076,1909f56bfc062723c751e8b465ee728b)
Start importing Assets/VoxelAnimals/Assets/Scripts/M.cs using Guid(dc9a4e0cb95ad44dca36335e38033de8) Importer(815301076,1909f56bfc062723c751e8b465ee728b)  -> (artifact id: 'da3ac35f63a35d0fedf3d3509b6f770d') in 0.005278 seconds
  Import took 0.007092 seconds .

========================================================================
Received Import Request.
  Time since last request: 0.025848 seconds.
  path: Assets/VoxelAnimals/Assets/Scripts/M.cs
  artifactKey: Guid(dc9a4e0cb95ad44dca36335e38033de8) Importer(815301076,1909f56bfc062723c751e8b465ee728b)
Start importing Assets/VoxelAnimals/Assets/Scripts/M.cs using Guid(dc9a4e0cb95ad44dca36335e38033de8) Importer(815301076,1909f56bfc062723c751e8b465ee728b)  -> (artifact id: 'da3ac35f63a35d0fedf3d3509b6f770d') in 0.000993 seconds
  Import took 0.002783 seconds .

========================================================================
Received Import Request.
  Time since last request: 6.150018 seconds.
  path: Assets/VoxelAnimals/Assets/Scripts/Main.cs
  artifactKey: Guid(dc9a4e0cb95ad44dca36335e38033de8) Importer(815301076,1909f56bfc062723c751e8b465ee728b)
Start importing Assets/VoxelAnimals/Assets/Scripts/Main.cs using Guid(dc9a4e0cb95ad44dca36335e38033de8) Importer(815301076,1909f56bfc062723c751e8b465ee728b)  -> (artifact id: 'fac2b77a84e80b5d421dfbcc3a589630') in 0.001179 seconds
  Import took 0.003320 seconds .

========================================================================
Received Prepare
Registering precompiled user dll's ...
Registered in 0.000228 seconds.
Begin MonoManager ReloadAssembly
Native extension for OSXStandalone target not found
Refreshing native plugins compatible for Editor in 0.25 ms, found 1 plugins.
Preloading 0 native plugins for Editor in 0.00 ms.
Mono: successfully reloaded assembly
- Completed reload, in  1.664 seconds
Platform modules already initialized, skipping
Refreshing native plugins compatible for Editor in 0.24 ms, found 1 plugins.
Preloading 0 native plugins for Editor in 0.00 ms.
Unloading 1120 Unused Serialized files (Serialized files now loaded: 0)
System memory in use before: 129.3 MB.
System memory in use after: 129.4 MB.

Unloading 5 unused Assets to reduce memory usage. Loaded Objects now: 1679.
Total: 1.462167 ms (FindLiveObjects: 0.202875 ms CreateObjectMapping: 0.026750 ms MarkObjects: 1.164334 ms  DeleteObjects: 0.067208 ms)

========================================================================
Received Prepare
Registering precompiled user dll's ...
Registered in 0.000302 seconds.
Begin MonoManager ReloadAssembly
Native extension for OSXStandalone target not found
Refreshing native plugins compatible for Editor in 0.19 ms, found 1 plugins.
Preloading 0 native plugins for Editor in 0.00 ms.
Mono: successfully reloaded assembly
- Completed reload, in  1.668 seconds
Platform modules already initialized, skipping
Refreshing native plugins compatible for Editor in 0.20 ms, found 1 plugins.
Preloading 0 native plugins for Editor in 0.00 ms.
Unloading 1120 Unused Serialized files (Serialized files now loaded: 0)
System memory in use before: 129.5 MB.
System memory in use after: 129.6 MB.

Unloading 5 unused Assets to reduce memory usage. Loaded Objects now: 1682.
Total: 1.226958 ms (FindLiveObjects: 0.141625 ms CreateObjectMapping: 0.024959 ms MarkObjects: 0.994625 ms  DeleteObjects: 0.064875 ms)

========================================================================
Received Import Request.
  Time since last request: 23.114665 seconds.
  path: Assets/VoxelAnimals/Assets/Scripts/Main.cs
  artifactKey: Guid(dc9a4e0cb95ad44dca36335e38033de8) Importer(815301076,1909f56bfc062723c751e8b465ee728b)
Start importing Assets/VoxelAnimals/Assets/Scripts/Main.cs using Guid(dc9a4e0cb95ad44dca36335e38033de8) Importer(815301076,1909f56bfc062723c751e8b465ee728b)  -> (artifact id: 'c3002e4381a4db4c50d640127bdb5536') in 0.006469 seconds
  Import took 0.008600 seconds .

========================================================================
Received Import Request.
  Time since last request: 0.016022 seconds.
  path: Assets/VoxelAnimals/Assets/Scripts/Main.cs
  artifactKey: Guid(dc9a4e0cb95ad44dca36335e38033de8) Importer(815301076,1909f56bfc062723c751e8b465ee728b)
Start importing Assets/VoxelAnimals/Assets/Scripts/Main.cs using Guid(dc9a4e0cb95ad44dca36335e38033de8) Importer(815301076,1909f56bfc062723c751e8b465ee728b)  -> (artifact id: 'c3002e4381a4db4c50d640127bdb5536') in 0.000971 seconds
  Import took 0.002763 seconds .

========================================================================
Received Import Request.
  Time since last request: 31.131926 seconds.
  path: Assets/VoxelAnimals/Demo/SimpleDemoScene.unity
  artifactKey: Guid(6dd397a78744a584dbe80d2ea645110a) Importer(815301076,1909f56bfc062723c751e8b465ee728b)
Start importing Assets/VoxelAnimals/Demo/SimpleDemoScene.unity using Guid(6dd397a78744a584dbe80d2ea645110a) Importer(815301076,1909f56bfc062723c751e8b465ee728b)  -> (artifact id: 'ceafb065b169cf6386fc9052df7bc74f') in 0.012431 seconds
  Import took 0.014539 seconds .

========================================================================
Received Prepare
Registering precompiled user dll's ...
Registered in 0.000424 seconds.
Begin MonoManager ReloadAssembly
Native extension for OSXStandalone target not found
Refreshing native plugins compatible for Editor in 0.20 ms, found 1 plugins.
Preloading 0 native plugins for Editor in 0.00 ms.
Mono: successfully reloaded assembly
- Completed reload, in  1.738 seconds
Platform modules already initialized, skipping
Refreshing native plugins compatible for Editor in 0.19 ms, found 1 plugins.
Preloading 0 native plugins for Editor in 0.00 ms.
Unloading 1120 Unused Serialized files (Serialized files now loaded: 0)
System memory in use before: 129.7 MB.
System memory in use after: 129.8 MB.

Unloading 5 unused Assets to reduce memory usage. Loaded Objects now: 1685.
Total: 1.238708 ms (FindLiveObjects: 0.141208 ms CreateObjectMapping: 0.024833 ms MarkObjects: 1.008250 ms  DeleteObjects: 0.063291 ms)

========================================================================
Received Prepare
Registering precompiled user dll's ...
Registered in 0.000321 seconds.
Begin MonoManager ReloadAssembly
Native extension for OSXStandalone target not found
Refreshing native plugins compatible for Editor in 0.19 ms, found 1 plugins.
Preloading 0 native plugins for Editor in 0.00 ms.
Mono: successfully reloaded assembly
- Completed reload, in  1.762 seconds
Platform modules already initialized, skipping
Refreshing native plugins compatible for Editor in 0.19 ms, found 1 plugins.
Preloading 0 native plugins for Editor in 0.00 ms.
Unloading 1120 Unused Serialized files (Serialized files now loaded: 0)
System memory in use before: 129.9 MB.
System memory in use after: 130.0 MB.

Unloading 5 unused Assets to reduce memory usage. Loaded Objects now: 1688.
Total: 1.258292 ms (FindLiveObjects: 0.112250 ms CreateObjectMapping: 0.023875 ms MarkObjects: 1.061625 ms  DeleteObjects: 0.059792 ms)

========================================================================
Received Prepare
Registering precompiled user dll's ...
Registered in 0.001757 seconds.
Begin MonoManager ReloadAssembly
Native extension for OSXStandalone target not found
Refreshing native plugins compatible for Editor in 0.18 ms, found 1 plugins.
Preloading 0 native plugins for Editor in 0.00 ms.
Mono: successfully reloaded assembly
- Completed reload, in  1.675 seconds
Platform modules already initialized, skipping
Refreshing native plugins compatible for Editor in 0.17 ms, found 1 plugins.
Preloading 0 native plugins for Editor in 0.00 ms.
Unloading 1120 Unused Serialized files (Serialized files now loaded: 0)
System memory in use before: 130.1 MB.
System memory in use after: 130.1 MB.

Unloading 5 unused Assets to reduce memory usage. Loaded Objects now: 1691.
Total: 1.115916 ms (FindLiveObjects: 0.107834 ms CreateObjectMapping: 0.024041 ms MarkObjects: 0.930417 ms  DeleteObjects: 0.053000 ms)

========================================================================
Received Prepare
Registering precompiled user dll's ...
Registered in 0.000373 seconds.
Begin MonoManager ReloadAssembly
Native extension for OSXStandalone target not found
Refreshing native plugins compatible for Editor in 0.19 ms, found 1 plugins.
Preloading 0 native plugins for Editor in 0.00 ms.
Mono: successfully reloaded assembly
- Completed reload, in  1.688 seconds
Platform modules already initialized, skipping
Refreshing native plugins compatible for Editor in 0.19 ms, found 1 plugins.
Preloading 0 native plugins for Editor in 0.00 ms.
Unloading 1120 Unused Serialized files (Serialized files now loaded: 0)
System memory in use before: 130.3 MB.
System memory in use after: 130.4 MB.

Unloading 5 unused Assets to reduce memory usage. Loaded Objects now: 1694.
Total: 1.253000 ms (FindLiveObjects: 0.171541 ms CreateObjectMapping: 0.024792 ms MarkObjects: 0.995833 ms  DeleteObjects: 0.059917 ms)

========================================================================
Received Import Request.
  Time since last request: 352.461275 seconds.
  path: Assets/VoxelAnimals/Demo/Menu.unity
  artifactKey: Guid(e3f6cb3b3989f470991d6db67d804c66) Importer(815301076,1909f56bfc062723c751e8b465ee728b)
Start importing Assets/VoxelAnimals/Demo/Menu.unity using Guid(e3f6cb3b3989f470991d6db67d804c66) Importer(815301076,1909f56bfc062723c751e8b465ee728b)  -> (artifact id: 'cb63301c5cf555084d390d88b9f9e4aa') in 0.014262 seconds
  Import took 0.016233 seconds .

========================================================================
Received Import Request.
  Time since last request: 89.615228 seconds.
  path: Assets/VoxelAnimals/Demo/SimpleDemoScene.unity
  artifactKey: Guid(6dd397a78744a584dbe80d2ea645110a) Importer(815301076,1909f56bfc062723c751e8b465ee728b)
Start importing Assets/VoxelAnimals/Demo/SimpleDemoScene.unity using Guid(6dd397a78744a584dbe80d2ea645110a) Importer(815301076,1909f56bfc062723c751e8b465ee728b)  -> (artifact id: '04d7537af0a71a483cf8ef6feb097383') in 0.004674 seconds
  Import took 0.010175 seconds .

========================================================================
Received Prepare
Registering precompiled user dll's ...
Registered in 0.000760 seconds.
Begin MonoManager ReloadAssembly
Native extension for OSXStandalone target not found
Refreshing native plugins compatible for Editor in 0.18 ms, found 1 plugins.
Preloading 0 native plugins for Editor in 0.00 ms.
Mono: successfully reloaded assembly
- Completed reload, in  1.560 seconds
Platform modules already initialized, skipping
Refreshing native plugins compatible for Editor in 0.18 ms, found 1 plugins.
Preloading 0 native plugins for Editor in 0.00 ms.
Unloading 1120 Unused Serialized files (Serialized files now loaded: 0)
System memory in use before: 130.5 MB.
System memory in use after: 130.5 MB.

Unloading 5 unused Assets to reduce memory usage. Loaded Objects now: 1697.
Total: 1.133042 ms (FindLiveObjects: 0.141125 ms CreateObjectMapping: 0.023792 ms MarkObjects: 0.916958 ms  DeleteObjects: 0.050583 ms)

========================================================================
Received Import Request.
  Time since last request: 131.891728 seconds.
  path: Assets/VoxelAnimals/Demo/SimpleDemoScene.unity
  artifactKey: Guid(6dd397a78744a584dbe80d2ea645110a) Importer(815301076,1909f56bfc062723c751e8b465ee728b)
Start importing Assets/VoxelAnimals/Demo/SimpleDemoScene.unity using Guid(6dd397a78744a584dbe80d2ea645110a) Importer(815301076,1909f56bfc062723c751e8b465ee728b)  -> (artifact id: '77b8f79f4ade141f8e7d460c368962ca') in 0.046901 seconds
  Import took 0.053908 seconds .

========================================================================
Received Prepare
Registering precompiled user dll's ...
Registered in 0.000594 seconds.
Begin MonoManager ReloadAssembly
Native extension for OSXStandalone target not found
Refreshing native plugins compatible for Editor in 0.18 ms, found 1 plugins.
Preloading 0 native plugins for Editor in 0.00 ms.
Mono: successfully reloaded assembly
- Completed reload, in  1.617 seconds
Platform modules already initialized, skipping
Refreshing native plugins compatible for Editor in 0.20 ms, found 1 plugins.
Preloading 0 native plugins for Editor in 0.00 ms.
Unloading 1120 Unused Serialized files (Serialized files now loaded: 0)
System memory in use before: 130.7 MB.
System memory in use after: 130.7 MB.

Unloading 5 unused Assets to reduce memory usage. Loaded Objects now: 1700.
Total: 1.234833 ms (FindLiveObjects: 0.142666 ms CreateObjectMapping: 0.025125 ms MarkObjects: 1.003916 ms  DeleteObjects: 0.062042 ms)

========================================================================
Received Import Request.
  Time since last request: 69.703908 seconds.
  path: Assets/VoxelAnimals/Assets/Prefabs/Chicken.prefab
  artifactKey: Guid(aa3784adb6428184e991be2d60ee0cb2) Importer(815301076,1909f56bfc062723c751e8b465ee728b)
Start importing Assets/VoxelAnimals/Assets/Prefabs/Chicken.prefab using Guid(aa3784adb6428184e991be2d60ee0cb2) Importer(815301076,1909f56bfc062723c751e8b465ee728b)  -> (artifact id: '9b692bfa7475840b4aa2db1ae8797d8f') in 0.170653 seconds
  Import took 0.173154 seconds .

========================================================================
Received Import Request.
  Time since last request: 16.487691 seconds.
  path: Assets/VoxelAnimals/Assets/Prefabs/Dog.prefab
  artifactKey: Guid(7451ef01e53127446b9d7406220542f6) Importer(815301076,1909f56bfc062723c751e8b465ee728b)
Start importing Assets/VoxelAnimals/Assets/Prefabs/Dog.prefab using Guid(7451ef01e53127446b9d7406220542f6) Importer(815301076,1909f56bfc062723c751e8b465ee728b)  -> (artifact id: 'f158c56d279919ec75a49793241e9cce') in 0.020866 seconds
  Import took 0.023199 seconds .

========================================================================
Received Import Request.
  Time since last request: 13.273739 seconds.
  path: Assets/VoxelAnimals/Demo
  artifactKey: Guid(4f704ae4b4f98ae41a0bce26658850c1) Importer(815301076,1909f56bfc062723c751e8b465ee728b)
Start importing Assets/VoxelAnimals/Demo using Guid(4f704ae4b4f98ae41a0bce26658850c1) Importer(815301076,1909f56bfc062723c751e8b465ee728b)  -> (artifact id: '645e07ae8e4def192290ce07c39bb775') in 0.001126 seconds
  Import took 0.003759 seconds .

========================================================================
Received Import Request.
  Time since last request: 0.004818 seconds.
  path: Assets/VoxelAnimals/Demo
  artifactKey: Guid(4f704ae4b4f98ae41a0bce26658850c1) Importer(815301076,1909f56bfc062723c751e8b465ee728b)
Start importing Assets/VoxelAnimals/Demo using Guid(4f704ae4b4f98ae41a0bce26658850c1) Importer(815301076,1909f56bfc062723c751e8b465ee728b)  -> (artifact id: '645e07ae8e4def192290ce07c39bb775') in 0.000946 seconds
  Import took 0.003169 seconds .

========================================================================
Received Prepare
Registering precompiled user dll's ...
Registered in 0.001035 seconds.
Begin MonoManager ReloadAssembly
Native extension for OSXStandalone target not found
Refreshing native plugins compatible for Editor in 0.18 ms, found 1 plugins.
Preloading 0 native plugins for Editor in 0.00 ms.
Mono: successfully reloaded assembly
- Completed reload, in  1.561 seconds
Platform modules already initialized, skipping
Refreshing native plugins compatible for Editor in 0.18 ms, found 1 plugins.
Preloading 0 native plugins for Editor in 0.00 ms.
Unloading 1120 Unused Serialized files (Serialized files now loaded: 0)
System memory in use before: 131.0 MB.
System memory in use after: 131.0 MB.

Unloading 6 unused Assets to reduce memory usage. Loaded Objects now: 1704.
Total: 1.148083 ms (FindLiveObjects: 0.116875 ms CreateObjectMapping: 0.024750 ms MarkObjects: 0.951250 ms  DeleteObjects: 0.054292 ms)

